<?xml version="1.0" encoding="UTF-8"?>
<testsuite name="com.cowboybepop.CowboybepopApplicationTests" tests="1" skipped="0" failures="0" errors="0" timestamp="2023-01-16T20:11:15" hostname="C-3PO" time="0.608">
  <properties/>
  <testcase name="contextLoads()" classname="com.cowboybepop.CowboybepopApplicationTests" time="0.608"/>
  <system-out><![CDATA[17:11:07.282 [Test worker] DEBUG org.springframework.boot.test.context.SpringBootTestContextBootstrapper - Neither @ContextConfiguration nor @ContextHierarchy found for test class [CowboybepopApplicationTests]: using SpringBootContextLoader
17:11:07.297 [Test worker] DEBUG org.springframework.test.context.support.AbstractContextLoader - Could not detect default resource locations for test class [com.cowboybepop.CowboybepopApplicationTests]: no resource found for suffixes {-context.xml, Context.groovy}.
17:11:07.300 [Test worker] INFO org.springframework.test.context.support.AnnotationConfigContextLoaderUtils - Could not detect default configuration classes for test class [com.cowboybepop.CowboybepopApplicationTests]: CowboybepopApplicationTests does not declare any static, non-private, non-final, nested classes annotated with @Configuration.
17:11:07.392 [Test worker] DEBUG org.springframework.boot.test.context.SpringBootTestContextBootstrapper - Using ContextCustomizers for test class [CowboybepopApplicationTests]: [DisableObservabilityContextCustomizer, PropertyMappingContextCustomizer, Customizer, ExcludeFilterContextCustomizer, DuplicateJsonObjectContextCustomizer, MockitoContextCustomizer, TestRestTemplateContextCustomizer]
17:11:07.620 [Test worker] DEBUG org.springframework.context.annotation.ClassPathScanningCandidateComponentProvider - Identified candidate component class: file [/home/samuel/Downloads/cowboybepop-api/app/build/classes/java/main/com/cowboybepop/CowboybepopApplication.class]
17:11:07.624 [Test worker] INFO org.springframework.boot.test.context.SpringBootTestContextBootstrapper - Found @SpringBootConfiguration com.cowboybepop.CowboybepopApplication for test class com.cowboybepop.CowboybepopApplicationTests
17:11:07.966 [Test worker] DEBUG org.springframework.boot.test.context.SpringBootTestContextBootstrapper - Using TestExecutionListeners for test class [CowboybepopApplicationTests]: [ServletTestExecutionListener, DirtiesContextBeforeModesTestExecutionListener, ApplicationEventsTestExecutionListener, MockitoTestExecutionListener, DependencyInjectionTestExecutionListener, DirtiesContextTestExecutionListener, TransactionalTestExecutionListener, SqlScriptsTestExecutionListener, WithSecurityContextTestExecutionListener, EventPublishingTestExecutionListener, ReactorContextTestExecutionListener, RestDocsTestExecutionListener, MockRestServiceServerResetTestExecutionListener, MockMvcPrintOnlyOnFailureTestExecutionListener, WebDriverTestExecutionListener, MockWebServiceServerTestExecutionListener, ResetMocksTestExecutionListener]
17:11:07.970 [Test worker] DEBUG org.springframework.test.context.support.AbstractDirtiesContextTestExecutionListener - Before test class: class [CowboybepopApplicationTests], class annotated with @DirtiesContext [false] with mode [null]

  .   ____          _            __ _ _
 /\\ / ___'_ __ _ _(_)_ __  __ _ \ \ \ \
( ( )\___ | '_ | '_| | '_ \/ _` | \ \ \ \
 \\/  ___)| |_)| | | | | || (_| |  ) ) ) )
  '  |____| .__|_| |_|_| |_\__, | / / / /
 =========|_|==============|___/=/_/_/_/
 :: Spring Boot ::                (v3.0.1)

2023-01-16T17:11:08.790-03:00  INFO 26330 --- [    Test worker] c.c.CowboybepopApplicationTests          : Starting CowboybepopApplicationTests using Java 17.0.4.1 with PID 26330 (started by samuel in /home/samuel/Downloads/cowboybepop-api/app)
2023-01-16T17:11:08.795-03:00  INFO 26330 --- [    Test worker] c.c.CowboybepopApplicationTests          : No active profile set, falling back to 1 default profile: "default"
2023-01-16T17:11:10.470-03:00  INFO 26330 --- [    Test worker] .s.d.r.c.RepositoryConfigurationDelegate : Bootstrapping Spring Data JPA repositories in DEFAULT mode.
2023-01-16T17:11:10.525-03:00  INFO 26330 --- [    Test worker] .s.d.r.c.RepositoryConfigurationDelegate : Finished Spring Data repository scanning in 27 ms. Found 0 JPA repository interfaces.
2023-01-16T17:11:11.777-03:00  INFO 26330 --- [    Test worker] o.f.c.internal.license.VersionPrinter    : Flyway Community Edition 9.5.1 by Redgate
2023-01-16T17:11:11.778-03:00  INFO 26330 --- [    Test worker] o.f.c.internal.license.VersionPrinter    : See what's new here: https://flywaydb.org/documentation/learnmore/releaseNotes#9.5.1
2023-01-16T17:11:11.778-03:00  INFO 26330 --- [    Test worker] o.f.c.internal.license.VersionPrinter    : 
2023-01-16T17:11:11.794-03:00  INFO 26330 --- [    Test worker] com.zaxxer.hikari.HikariDataSource       : HikariPool-1 - Starting...
2023-01-16T17:11:12.340-03:00  INFO 26330 --- [    Test worker] com.zaxxer.hikari.pool.HikariPool        : HikariPool-1 - Added connection conn0: url=jdbc:h2:mem:99e0d929-38b2-4c61-a564-f906f7e7b087 user=SA
2023-01-16T17:11:12.344-03:00  INFO 26330 --- [    Test worker] com.zaxxer.hikari.HikariDataSource       : HikariPool-1 - Start completed.
2023-01-16T17:11:12.371-03:00  INFO 26330 --- [    Test worker] o.f.c.i.database.base.BaseDatabaseType   : Database: jdbc:h2:mem:99e0d929-38b2-4c61-a564-f906f7e7b087 (H2 2.1)
2023-01-16T17:11:12.480-03:00  INFO 26330 --- [    Test worker] o.f.core.internal.command.DbValidate     : Successfully validated 0 migrations (execution time 00:00.011s)
2023-01-16T17:11:12.480-03:00  WARN 26330 --- [    Test worker] o.f.core.internal.command.DbValidate     : No migrations found. Are your locations set up correctly?
2023-01-16T17:11:12.493-03:00  INFO 26330 --- [    Test worker] o.f.c.i.s.JdbcTableSchemaHistory         : Creating Schema History table "PUBLIC"."flyway_schema_history" ...
2023-01-16T17:11:12.553-03:00  INFO 26330 --- [    Test worker] o.f.core.internal.command.DbMigrate      : Current version of schema "PUBLIC": << Empty Schema >>
2023-01-16T17:11:12.556-03:00  INFO 26330 --- [    Test worker] o.f.core.internal.command.DbMigrate      : Schema "PUBLIC" is up to date. No migration necessary.
2023-01-16T17:11:12.799-03:00  INFO 26330 --- [    Test worker] o.hibernate.jpa.internal.util.LogHelper  : HHH000204: Processing PersistenceUnitInfo [name: default]
2023-01-16T17:11:12.941-03:00  INFO 26330 --- [    Test worker] org.hibernate.Version                    : HHH000412: Hibernate ORM core version 6.1.6.Final
2023-01-16T17:11:13.248-03:00  WARN 26330 --- [    Test worker] org.hibernate.orm.deprecation            : HHH90000021: Encountered deprecated setting [javax.persistence.sharedCache.mode], use [jakarta.persistence.sharedCache.mode] instead
2023-01-16T17:11:13.539-03:00  INFO 26330 --- [    Test worker] SQL dialect                              : HHH000400: Using dialect: org.hibernate.dialect.H2Dialect
2023-01-16T17:11:14.061-03:00  INFO 26330 --- [    Test worker] o.h.e.t.j.p.i.JtaPlatformInitiator       : HHH000490: Using JtaPlatform implementation: [org.hibernate.engine.transaction.jta.platform.internal.NoJtaPlatform]
2023-01-16T17:11:14.084-03:00  INFO 26330 --- [    Test worker] j.LocalContainerEntityManagerFactoryBean : Initialized JPA EntityManagerFactory for persistence unit 'default'
2023-01-16T17:11:14.403-03:00  WARN 26330 --- [    Test worker] JpaBaseConfiguration$JpaWebConfiguration : spring.jpa.open-in-view is enabled by default. Therefore, database queries may be performed during view rendering. Explicitly configure spring.jpa.open-in-view to disable this warning
2023-01-16T17:11:15.248-03:00  WARN 26330 --- [    Test worker] .s.s.UserDetailsServiceAutoConfiguration : 

Using generated security password: f450ac02-107d-413c-a26e-6ef304744c02

This generated password is for development use only. Your security configuration must be updated before running your application in production.

2023-01-16T17:11:15.528-03:00  INFO 26330 --- [    Test worker] o.s.s.web.DefaultSecurityFilterChain     : Will secure any request with [org.springframework.security.web.session.DisableEncodeUrlFilter@4c0930c4, org.springframework.security.web.context.request.async.WebAsyncManagerIntegrationFilter@75c0cd39, org.springframework.security.web.context.SecurityContextHolderFilter@912747d, org.springframework.security.web.header.HeaderWriterFilter@2aeb7c4c, org.springframework.security.web.csrf.CsrfFilter@4ba402b5, org.springframework.security.web.authentication.logout.LogoutFilter@30ed2a26, org.springframework.security.web.authentication.UsernamePasswordAuthenticationFilter@6f4f2cc0, org.springframework.security.web.authentication.ui.DefaultLoginPageGeneratingFilter@1fd35a92, org.springframework.security.web.authentication.ui.DefaultLogoutPageGeneratingFilter@7cf66cf9, org.springframework.security.web.authentication.www.BasicAuthenticationFilter@35744f8, org.springframework.security.web.savedrequest.RequestCacheAwareFilter@cd93621, org.springframework.security.web.servletapi.SecurityContextHolderAwareRequestFilter@4fd63c43, org.springframework.security.web.authentication.AnonymousAuthenticationFilter@38f63756, org.springframework.security.web.access.ExceptionTranslationFilter@2befb16f, org.springframework.security.web.access.intercept.AuthorizationFilter@4cb58e8b]
2023-01-16T17:11:15.656-03:00  INFO 26330 --- [    Test worker] c.c.CowboybepopApplicationTests          : Started CowboybepopApplicationTests in 7.567 seconds (process running for 12.81)
]]></system-out>
  <system-err><![CDATA[]]></system-err>
</testsuite>
