<?xml version="1.0" encoding="UTF-8"?>
<testsuite name="com.cowboybepop.CowboyBepopApplicationTests" tests="1" skipped="0" failures="0" errors="0" timestamp="2023-01-17T20:57:22" hostname="C-3PO" time="0.815">
  <properties/>
  <testcase name="contextLoads()" classname="com.cowboybepop.CowboyBepopApplicationTests" time="0.815"/>
  <system-out><![CDATA[17:57:11.408 [Test worker] DEBUG org.springframework.boot.test.context.SpringBootTestContextBootstrapper - Neither @ContextConfiguration nor @ContextHierarchy found for test class [CowboyBepopApplicationTests]: using SpringBootContextLoader
17:57:11.423 [Test worker] DEBUG org.springframework.test.context.support.AbstractContextLoader - Could not detect default resource locations for test class [com.cowboybepop.CowboyBepopApplicationTests]: no resource found for suffixes {-context.xml, Context.groovy}.
17:57:11.425 [Test worker] INFO org.springframework.test.context.support.AnnotationConfigContextLoaderUtils - Could not detect default configuration classes for test class [com.cowboybepop.CowboyBepopApplicationTests]: CowboyBepopApplicationTests does not declare any static, non-private, non-final, nested classes annotated with @Configuration.
17:57:11.526 [Test worker] DEBUG org.springframework.boot.test.context.SpringBootTestContextBootstrapper - Using ContextCustomizers for test class [CowboyBepopApplicationTests]: [DisableObservabilityContextCustomizer, PropertyMappingContextCustomizer, Customizer, ImportsContextCustomizer, ExcludeFilterContextCustomizer, DuplicateJsonObjectContextCustomizer, MockitoContextCustomizer, TestRestTemplateContextCustomizer]
17:57:11.702 [Test worker] DEBUG org.springframework.context.annotation.ClassPathScanningCandidateComponentProvider - Identified candidate component class: file [/home/samuel/Downloads/cowboybepop-api/app/build/classes/java/main/com/cowboybepop/CowboyBepopApplication.class]
17:57:11.706 [Test worker] INFO org.springframework.boot.test.context.SpringBootTestContextBootstrapper - Found @SpringBootConfiguration com.cowboybepop.CowboyBepopApplication for test class com.cowboybepop.CowboyBepopApplicationTests
17:57:11.960 [Test worker] DEBUG org.springframework.boot.test.context.SpringBootTestContextBootstrapper - Using TestExecutionListeners for test class [CowboyBepopApplicationTests]: [ServletTestExecutionListener, DirtiesContextBeforeModesTestExecutionListener, ApplicationEventsTestExecutionListener, MockitoTestExecutionListener, DependencyInjectionTestExecutionListener, DirtiesContextTestExecutionListener, TransactionalTestExecutionListener, SqlScriptsTestExecutionListener, WithSecurityContextTestExecutionListener, EventPublishingTestExecutionListener, ReactorContextTestExecutionListener, RestDocsTestExecutionListener, MockRestServiceServerResetTestExecutionListener, MockMvcPrintOnlyOnFailureTestExecutionListener, WebDriverTestExecutionListener, MockWebServiceServerTestExecutionListener, ResetMocksTestExecutionListener]
17:57:11.963 [Test worker] DEBUG org.springframework.test.context.support.AbstractDirtiesContextTestExecutionListener - Before test class: class [CowboyBepopApplicationTests], class annotated with @DirtiesContext [false] with mode [null]

  .   ____          _            __ _ _
 /\\ / ___'_ __ _ _(_)_ __  __ _ \ \ \ \
( ( )\___ | '_ | '_| | '_ \/ _` | \ \ \ \
 \\/  ___)| |_)| | | | | || (_| |  ) ) ) )
  '  |____| .__|_| |_|_| |_\__, | / / / /
 =========|_|==============|___/=/_/_/_/
 :: Spring Boot ::                (v3.0.1)

2023-01-17T17:57:12.734-03:00  INFO 30979 --- [    Test worker] c.c.CowboyBepopApplicationTests          : Starting CowboyBepopApplicationTests using Java 17.0.4.1 with PID 30979 (started by samuel in /home/samuel/Downloads/cowboybepop-api/app)
2023-01-17T17:57:12.739-03:00  INFO 30979 --- [    Test worker] c.c.CowboyBepopApplicationTests          : No active profile set, falling back to 1 default profile: "default"
2023-01-17T17:57:15.199-03:00  INFO 30979 --- [    Test worker] .s.d.r.c.RepositoryConfigurationDelegate : Bootstrapping Spring Data JPA repositories in DEFAULT mode.
2023-01-17T17:57:15.260-03:00  INFO 30979 --- [    Test worker] .s.d.r.c.RepositoryConfigurationDelegate : Finished Spring Data repository scanning in 41 ms. Found 0 JPA repository interfaces.
2023-01-17T17:57:16.444-03:00  INFO 30979 --- [    Test worker] o.f.c.internal.license.VersionPrinter    : Flyway Community Edition 9.5.1 by Redgate
2023-01-17T17:57:16.444-03:00  INFO 30979 --- [    Test worker] o.f.c.internal.license.VersionPrinter    : See what's new here: https://flywaydb.org/documentation/learnmore/releaseNotes#9.5.1
2023-01-17T17:57:16.445-03:00  INFO 30979 --- [    Test worker] o.f.c.internal.license.VersionPrinter    : 
2023-01-17T17:57:16.463-03:00  INFO 30979 --- [    Test worker] com.zaxxer.hikari.HikariDataSource       : HikariPool-1 - Starting...
2023-01-17T17:57:16.882-03:00  INFO 30979 --- [    Test worker] com.zaxxer.hikari.pool.HikariPool        : HikariPool-1 - Added connection conn0: url=jdbc:h2:mem:2c89e0ec-9f33-4e7f-a886-2d3a928b3baf user=SA
2023-01-17T17:57:16.886-03:00  INFO 30979 --- [    Test worker] com.zaxxer.hikari.HikariDataSource       : HikariPool-1 - Start completed.
2023-01-17T17:57:16.916-03:00  INFO 30979 --- [    Test worker] o.f.c.i.database.base.BaseDatabaseType   : Database: jdbc:h2:mem:2c89e0ec-9f33-4e7f-a886-2d3a928b3baf (H2 2.1)
2023-01-17T17:57:17.032-03:00  INFO 30979 --- [    Test worker] o.f.core.internal.command.DbValidate     : Successfully validated 0 migrations (execution time 00:00.012s)
2023-01-17T17:57:17.033-03:00  WARN 30979 --- [    Test worker] o.f.core.internal.command.DbValidate     : No migrations found. Are your locations set up correctly?
2023-01-17T17:57:17.047-03:00  INFO 30979 --- [    Test worker] o.f.c.i.s.JdbcTableSchemaHistory         : Creating Schema History table "PUBLIC"."flyway_schema_history" ...
2023-01-17T17:57:17.112-03:00  INFO 30979 --- [    Test worker] o.f.core.internal.command.DbMigrate      : Current version of schema "PUBLIC": << Empty Schema >>
2023-01-17T17:57:17.115-03:00  INFO 30979 --- [    Test worker] o.f.core.internal.command.DbMigrate      : Schema "PUBLIC" is up to date. No migration necessary.
2023-01-17T17:57:17.419-03:00  INFO 30979 --- [    Test worker] o.hibernate.jpa.internal.util.LogHelper  : HHH000204: Processing PersistenceUnitInfo [name: default]
2023-01-17T17:57:17.541-03:00  INFO 30979 --- [    Test worker] org.hibernate.Version                    : HHH000412: Hibernate ORM core version 6.1.6.Final
2023-01-17T17:57:17.931-03:00  WARN 30979 --- [    Test worker] org.hibernate.orm.deprecation            : HHH90000021: Encountered deprecated setting [javax.persistence.sharedCache.mode], use [jakarta.persistence.sharedCache.mode] instead
2023-01-17T17:57:18.268-03:00  INFO 30979 --- [    Test worker] SQL dialect                              : HHH000400: Using dialect: org.hibernate.dialect.H2Dialect
2023-01-17T17:57:19.473-03:00  INFO 30979 --- [    Test worker] o.h.e.t.j.p.i.JtaPlatformInitiator       : HHH000490: Using JtaPlatform implementation: [org.hibernate.engine.transaction.jta.platform.internal.NoJtaPlatform]
2023-01-17T17:57:19.488-03:00  INFO 30979 --- [    Test worker] j.LocalContainerEntityManagerFactoryBean : Initialized JPA EntityManagerFactory for persistence unit 'default'
2023-01-17T17:57:19.635-03:00  WARN 30979 --- [    Test worker] JpaBaseConfiguration$JpaWebConfiguration : spring.jpa.open-in-view is enabled by default. Therefore, database queries may be performed during view rendering. Explicitly configure spring.jpa.open-in-view to disable this warning
2023-01-17T17:57:19.711-03:00  WARN 30979 --- [    Test worker] .s.s.UserDetailsServiceAutoConfiguration : 

Using generated security password: 824bba09-5890-4bbb-b3ba-5da1f478903e

This generated password is for development use only. Your security configuration must be updated before running your application in production.

2023-01-17T17:57:20.934-03:00  INFO 30979 --- [    Test worker] o.s.b.a.e.web.EndpointLinksResolver      : Exposing 2 endpoint(s) beneath base path '/actuator'
2023-01-17T17:57:21.062-03:00  INFO 30979 --- [    Test worker] o.s.s.web.DefaultSecurityFilterChain     : Will secure any request with [org.springframework.security.web.session.DisableEncodeUrlFilter@7c0b792e, org.springframework.security.web.context.request.async.WebAsyncManagerIntegrationFilter@2210af14, org.springframework.security.web.context.SecurityContextHolderFilter@159408a7, org.springframework.security.web.header.HeaderWriterFilter@d1973e8, org.springframework.security.web.csrf.CsrfFilter@5feb8e9a, org.springframework.security.web.authentication.logout.LogoutFilter@1bc1aa9e, org.springframework.security.web.savedrequest.RequestCacheAwareFilter@74901d7, org.springframework.security.web.servletapi.SecurityContextHolderAwareRequestFilter@3df681cc, org.springframework.security.web.authentication.AnonymousAuthenticationFilter@136a4800, org.springframework.security.web.access.ExceptionTranslationFilter@148f94dc, org.springframework.security.web.access.intercept.AuthorizationFilter@5fe024a7]
2023-01-17T17:57:22.026-03:00  INFO 30979 --- [    Test worker] o.s.b.t.m.w.SpringBootMockServletContext : Initializing Spring TestDispatcherServlet ''
2023-01-17T17:57:22.027-03:00  INFO 30979 --- [    Test worker] o.s.t.web.servlet.TestDispatcherServlet  : Initializing Servlet ''
2023-01-17T17:57:22.032-03:00  INFO 30979 --- [    Test worker] o.s.t.web.servlet.TestDispatcherServlet  : Completed initialization in 3 ms
2023-01-17T17:57:22.218-03:00  INFO 30979 --- [    Test worker] c.c.CowboyBepopApplicationTests          : Started CowboyBepopApplicationTests in 10.158 seconds (process running for 14.437)
]]></system-out>
  <system-err><![CDATA[]]></system-err>
</testsuite>
