<?xml version="1.0" encoding="UTF-8"?>
<testsuite name="com.cowboybepop.http.HttpTest" tests="1" skipped="0" failures="0" errors="0" timestamp="2023-02-03T19:33:03" hostname="C-3PO" time="0.149">
  <properties/>
  <testcase name="shouldReturnStatusCode200WithInfoInBody()" classname="com.cowboybepop.http.HttpTest" time="0.149"/>
  <system-out><![CDATA[2023-02-03T16:33:03.919-03:00  INFO 15887 --- [    Test worker] t.c.s.AnnotationConfigContextLoaderUtils : Could not detect default configuration classes for test class [com.cowboybepop.http.HttpTest]: HttpTest does not declare any static, non-private, non-final, nested classes annotated with @Configuration.
2023-02-03T16:33:03.938-03:00  INFO 15887 --- [    Test worker] .b.t.c.SpringBootTestContextBootstrapper : Found @SpringBootConfiguration com.cowboybepop.CowboyBepopApplication for test class com.cowboybepop.http.HttpTest
]]></system-out>
  <system-err><![CDATA[]]></system-err>
</testsuite>
