<?xml version="1.0" encoding="UTF-8"?>
<testsuite name="com.cowboybepop.CowboyBepopApplicationTests" tests="1" skipped="0" failures="0" errors="0" timestamp="2023-02-03T19:33:03" hostname="C-3PO" time="0.774">
  <properties/>
  <testcase name="contextLoads()" classname="com.cowboybepop.CowboyBepopApplicationTests" time="0.774"/>
  <system-out><![CDATA[16:32:52.305 [Test worker] DEBUG org.springframework.boot.test.context.SpringBootTestContextBootstrapper - Neither @ContextConfiguration nor @ContextHierarchy found for test class [CowboyBepopApplicationTests]: using SpringBootContextLoader
16:32:52.322 [Test worker] DEBUG org.springframework.test.context.support.AbstractContextLoader - Could not detect default resource locations for test class [com.cowboybepop.CowboyBepopApplicationTests]: no resource found for suffixes {-context.xml, Context.groovy}.
16:32:52.325 [Test worker] INFO org.springframework.test.context.support.AnnotationConfigContextLoaderUtils - Could not detect default configuration classes for test class [com.cowboybepop.CowboyBepopApplicationTests]: CowboyBepopApplicationTests does not declare any static, non-private, non-final, nested classes annotated with @Configuration.
16:32:52.427 [Test worker] DEBUG org.springframework.boot.test.context.SpringBootTestContextBootstrapper - Using ContextCustomizers for test class [CowboyBepopApplicationTests]: [DisableObservabilityContextCustomizer, PropertyMappingContextCustomizer, Customizer, ImportsContextCustomizer, ExcludeFilterContextCustomizer, DuplicateJsonObjectContextCustomizer, MockitoContextCustomizer, TestRestTemplateContextCustomizer]
16:32:52.607 [Test worker] DEBUG org.springframework.context.annotation.ClassPathScanningCandidateComponentProvider - Identified candidate component class: file [/home/samuel/Downloads/cowboybepop-api/app/build/classes/java/main/com/cowboybepop/CowboyBepopApplication.class]
16:32:52.611 [Test worker] INFO org.springframework.boot.test.context.SpringBootTestContextBootstrapper - Found @SpringBootConfiguration com.cowboybepop.CowboyBepopApplication for test class com.cowboybepop.CowboyBepopApplicationTests
16:32:52.873 [Test worker] DEBUG org.springframework.boot.test.context.SpringBootTestContextBootstrapper - Using TestExecutionListeners for test class [CowboyBepopApplicationTests]: [ServletTestExecutionListener, DirtiesContextBeforeModesTestExecutionListener, ApplicationEventsTestExecutionListener, MockitoTestExecutionListener, DependencyInjectionTestExecutionListener, DirtiesContextTestExecutionListener, TransactionalTestExecutionListener, SqlScriptsTestExecutionListener, WithSecurityContextTestExecutionListener, EventPublishingTestExecutionListener, ReactorContextTestExecutionListener, RestDocsTestExecutionListener, MockRestServiceServerResetTestExecutionListener, MockMvcPrintOnlyOnFailureTestExecutionListener, WebDriverTestExecutionListener, MockWebServiceServerTestExecutionListener, ResetMocksTestExecutionListener]
16:32:52.877 [Test worker] DEBUG org.springframework.test.context.support.AbstractDirtiesContextTestExecutionListener - Before test class: class [CowboyBepopApplicationTests], class annotated with @DirtiesContext [false] with mode [null]

  .   ____          _            __ _ _
 /\\ / ___'_ __ _ _(_)_ __  __ _ \ \ \ \
( ( )\___ | '_ | '_| | '_ \/ _` | \ \ \ \
 \\/  ___)| |_)| | | | | || (_| |  ) ) ) )
  '  |____| .__|_| |_|_| |_\__, | / / / /
 =========|_|==============|___/=/_/_/_/
 :: Spring Boot ::                (v3.0.1)

2023-02-03T16:32:53.705-03:00  INFO 15887 --- [    Test worker] c.c.CowboyBepopApplicationTests          : Starting CowboyBepopApplicationTests using Java 17.0.4.1 with PID 15887 (started by samuel in /home/samuel/Downloads/cowboybepop-api/app)
2023-02-03T16:32:53.711-03:00  INFO 15887 --- [    Test worker] c.c.CowboyBepopApplicationTests          : No active profile set, falling back to 1 default profile: "default"
2023-02-03T16:32:55.933-03:00  INFO 15887 --- [    Test worker] .s.d.r.c.RepositoryConfigurationDelegate : Bootstrapping Spring Data JPA repositories in DEFAULT mode.
2023-02-03T16:32:55.995-03:00  INFO 15887 --- [    Test worker] .s.d.r.c.RepositoryConfigurationDelegate : Finished Spring Data repository scanning in 44 ms. Found 0 JPA repository interfaces.
2023-02-03T16:32:57.076-03:00  INFO 15887 --- [    Test worker] com.zaxxer.hikari.HikariDataSource       : HikariPool-1 - Starting...
2023-02-03T16:32:57.483-03:00  INFO 15887 --- [    Test worker] com.zaxxer.hikari.pool.HikariPool        : HikariPool-1 - Added connection conn0: url=jdbc:h2:mem:07818725-4ddb-4fd6-abe9-e7ceb56d7eef user=SA
2023-02-03T16:32:57.487-03:00  INFO 15887 --- [    Test worker] com.zaxxer.hikari.HikariDataSource       : HikariPool-1 - Start completed.
2023-02-03T16:32:57.603-03:00  INFO 15887 --- [    Test worker] o.hibernate.jpa.internal.util.LogHelper  : HHH000204: Processing PersistenceUnitInfo [name: default]
2023-02-03T16:32:57.713-03:00  INFO 15887 --- [    Test worker] org.hibernate.Version                    : HHH000412: Hibernate ORM core version 6.1.6.Final
2023-02-03T16:32:58.063-03:00  WARN 15887 --- [    Test worker] org.hibernate.orm.deprecation            : HHH90000021: Encountered deprecated setting [javax.persistence.sharedCache.mode], use [jakarta.persistence.sharedCache.mode] instead
2023-02-03T16:32:58.370-03:00  INFO 15887 --- [    Test worker] SQL dialect                              : HHH000400: Using dialect: org.hibernate.dialect.H2Dialect
2023-02-03T16:33:00.184-03:00  INFO 15887 --- [    Test worker] o.h.e.t.j.p.i.JtaPlatformInitiator       : HHH000490: Using JtaPlatform implementation: [org.hibernate.engine.transaction.jta.platform.internal.NoJtaPlatform]
2023-02-03T16:33:00.202-03:00  INFO 15887 --- [    Test worker] j.LocalContainerEntityManagerFactoryBean : Initialized JPA EntityManagerFactory for persistence unit 'default'
2023-02-03T16:33:00.335-03:00  WARN 15887 --- [    Test worker] JpaBaseConfiguration$JpaWebConfiguration : spring.jpa.open-in-view is enabled by default. Therefore, database queries may be performed during view rendering. Explicitly configure spring.jpa.open-in-view to disable this warning
2023-02-03T16:33:00.411-03:00  WARN 15887 --- [    Test worker] .s.s.UserDetailsServiceAutoConfiguration : 

Using generated security password: 80f7cbc8-ee0a-4ec9-8ba6-2f61876b7761

This generated password is for development use only. Your security configuration must be updated before running your application in production.

2023-02-03T16:33:01.538-03:00  INFO 15887 --- [    Test worker] o.s.b.a.e.web.EndpointLinksResolver      : Exposing 3 endpoint(s) beneath base path '/actuator'
2023-02-03T16:33:01.641-03:00  INFO 15887 --- [    Test worker] o.s.s.web.DefaultSecurityFilterChain     : Will secure any request with [org.springframework.security.web.session.DisableEncodeUrlFilter@141eb85b, org.springframework.security.web.context.request.async.WebAsyncManagerIntegrationFilter@7d432bc0, org.springframework.security.web.context.SecurityContextHolderFilter@5d260494, org.springframework.security.web.header.HeaderWriterFilter@45b2b0ed, org.springframework.security.web.authentication.logout.LogoutFilter@7f08c343, org.springframework.security.web.savedrequest.RequestCacheAwareFilter@2da0770, org.springframework.security.web.servletapi.SecurityContextHolderAwareRequestFilter@1360ef8d, org.springframework.security.web.authentication.AnonymousAuthenticationFilter@6b04689e, org.springframework.security.web.access.ExceptionTranslationFilter@761f1a28, org.springframework.security.web.access.intercept.AuthorizationFilter@7ddcd3d]
2023-02-03T16:33:02.690-03:00  INFO 15887 --- [    Test worker] o.s.b.t.m.w.SpringBootMockServletContext : Initializing Spring TestDispatcherServlet ''
2023-02-03T16:33:02.691-03:00  INFO 15887 --- [    Test worker] o.s.t.web.servlet.TestDispatcherServlet  : Initializing Servlet ''
2023-02-03T16:33:02.699-03:00  INFO 15887 --- [    Test worker] o.s.t.web.servlet.TestDispatcherServlet  : Completed initialization in 7 ms
2023-02-03T16:33:02.910-03:00  INFO 15887 --- [    Test worker] c.c.CowboyBepopApplicationTests          : Started CowboyBepopApplicationTests in 9.917 seconds (process running for 13.557)
]]></system-out>
  <system-err><![CDATA[]]></system-err>
</testsuite>
